{"/Users/wolfag/Projects/reactnative/mycoin/features/currency/components/SearchBar.tsx": {"path":"/Users/wolfag/Projects/reactnative/mycoin/features/currency/components/SearchBar.tsx","statementMap":{"0":{"start":{"line":15,"column":18},"end":{"line":121,"column":1}},"1":{"start":{"line":16,"column":38},"end":{"line":16,"column":53}},"2":{"start":{"line":17,"column":28},"end":{"line":17,"column":43}},"3":{"start":{"line":18,"column":19},"end":{"line":18,"column":42}},"4":{"start":{"line":20,"column":28},"end":{"line":20,"column":54}},"5":{"start":{"line":22,"column":18},"end":{"line":24,"column":8}},"6":{"start":{"line":23,"column":4},"end":{"line":23,"column":19}},"7":{"start":{"line":26,"column":17},"end":{"line":28,"column":8}},"8":{"start":{"line":27,"column":4},"end":{"line":27,"column":20}},"9":{"start":{"line":30,"column":19},"end":{"line":32,"column":8}},"10":{"start":{"line":31,"column":4},"end":{"line":31,"column":30}},"11":{"start":{"line":34,"column":23},"end":{"line":40,"column":3}},"12":{"start":{"line":36,"column":6},"end":{"line":36,"column":26}},"13":{"start":{"line":37,"column":6},"end":{"line":37,"column":30}},"14":{"start":{"line":42,"column":22},"end":{"line":45,"column":16}},"15":{"start":{"line":43,"column":4},"end":{"line":43,"column":17}},"16":{"start":{"line":44,"column":4},"end":{"line":44,"column":22}},"17":{"start":{"line":47,"column":23},"end":{"line":47,"column":37}},"18":{"start":{"line":49,"column":2},"end":{"line":120,"column":4}},"19":{"start":{"line":125,"column":15},"end":{"line":151,"column":2}}},"fnMap":{"0":{"name":"(anonymous_0)","decl":{"start":{"line":15,"column":18},"end":{"line":15,"column":19}},"loc":{"start":{"line":15,"column":72},"end":{"line":121,"column":1}},"line":15},"1":{"name":"(anonymous_1)","decl":{"start":{"line":22,"column":30},"end":{"line":22,"column":31}},"loc":{"start":{"line":22,"column":36},"end":{"line":24,"column":3}},"line":22},"2":{"name":"(anonymous_2)","decl":{"start":{"line":26,"column":29},"end":{"line":26,"column":30}},"loc":{"start":{"line":26,"column":35},"end":{"line":28,"column":3}},"line":26},"3":{"name":"(anonymous_3)","decl":{"start":{"line":30,"column":31},"end":{"line":30,"column":32}},"loc":{"start":{"line":30,"column":37},"end":{"line":32,"column":3}},"line":30},"4":{"name":"(anonymous_4)","decl":{"start":{"line":35,"column":4},"end":{"line":35,"column":5}},"loc":{"start":{"line":35,"column":22},"end":{"line":38,"column":5}},"line":35},"5":{"name":"(anonymous_5)","decl":{"start":{"line":42,"column":34},"end":{"line":42,"column":35}},"loc":{"start":{"line":42,"column":40},"end":{"line":45,"column":3}},"line":42}},"branchMap":{"0":{"loc":{"start":{"line":47,"column":23},"end":{"line":47,"column":37}},"type":"binary-expr","locations":[{"start":{"line":47,"column":23},"end":{"line":47,"column":28}},{"start":{"line":47,"column":32},"end":{"line":47,"column":37}}],"line":47},"1":{"loc":{"start":{"line":55,"column":8},"end":{"line":55,"column":45}},"type":"binary-expr","locations":[{"start":{"line":55,"column":8},"end":{"line":55,"column":20}},{"start":{"line":55,"column":24},"end":{"line":55,"column":45}}],"line":55},"2":{"loc":{"start":{"line":78,"column":21},"end":{"line":78,"column":41}},"type":"cond-expr","locations":[{"start":{"line":78,"column":36},"end":{"line":78,"column":37}},{"start":{"line":78,"column":40},"end":{"line":78,"column":41}}],"line":78},"3":{"loc":{"start":{"line":85,"column":9},"end":{"line":98,"column":9}},"type":"cond-expr","locations":[{"start":{"line":85,"column":24},"end":{"line":85,"column":28}},{"start":{"line":86,"column":10},"end":{"line":97,"column":17}}],"line":85},"4":{"loc":{"start":{"line":102,"column":7},"end":{"line":118,"column":7}},"type":"cond-expr","locations":[{"start":{"line":103,"column":8},"end":{"line":109,"column":10}},{"start":{"line":111,"column":8},"end":{"line":117,"column":10}}],"line":102}},"s":{"0":2,"1":10,"2":10,"3":10,"4":10,"5":10,"6":1,"7":10,"8":1,"9":10,"10":1,"11":10,"12":1,"13":1,"14":10,"15":1,"16":1,"17":10,"18":10,"19":2},"f":{"0":10,"1":1,"2":1,"3":1,"4":1,"5":1},"b":{"0":[10,9],"1":[10,3],"2":[3,7],"3":[3,7],"4":[2,8]},"_coverageSchema":"1a1c01bbd47fc00a2c39e90264f33305004495a9","hash":"f221d4a9f80eacf580043e37e08dd17916c03976"}
,"/Users/wolfag/Projects/reactnative/mycoin/features/currency/components/CurrencyList/Avatar.tsx": {"path":"/Users/wolfag/Projects/reactnative/mycoin/features/currency/components/CurrencyList/Avatar.tsx","statementMap":{"0":{"start":{"line":12,"column":15},"end":{"line":45,"column":1}},"1":{"start":{"line":19,"column":18},"end":{"line":19,"column":44}},"2":{"start":{"line":20,"column":19},"end":{"line":20,"column":32}},"3":{"start":{"line":22,"column":2},"end":{"line":44,"column":4}}},"fnMap":{"0":{"name":"(anonymous_0)","decl":{"start":{"line":12,"column":15},"end":{"line":12,"column":16}},"loc":{"start":{"line":18,"column":13},"end":{"line":45,"column":1}},"line":18}},"branchMap":{"0":{"loc":{"start":{"line":14,"column":2},"end":{"line":14,"column":26}},"type":"default-arg","locations":[{"start":{"line":14,"column":20},"end":{"line":14,"column":26}}],"line":14},"1":{"loc":{"start":{"line":15,"column":2},"end":{"line":15,"column":20}},"type":"default-arg","locations":[{"start":{"line":15,"column":14},"end":{"line":15,"column":20}}],"line":15},"2":{"loc":{"start":{"line":16,"column":2},"end":{"line":16,"column":16}},"type":"default-arg","locations":[{"start":{"line":16,"column":9},"end":{"line":16,"column":16}}],"line":16},"3":{"loc":{"start":{"line":17,"column":2},"end":{"line":17,"column":19}},"type":"default-arg","locations":[{"start":{"line":17,"column":11},"end":{"line":17,"column":19}}],"line":17},"4":{"loc":{"start":{"line":19,"column":18},"end":{"line":19,"column":44}},"type":"cond-expr","locations":[{"start":{"line":19,"column":37},"end":{"line":19,"column":39}},{"start":{"line":19,"column":42},"end":{"line":19,"column":44}}],"line":19}},"s":{"0":5,"1":19,"2":19,"3":19},"f":{"0":19},"b":{"0":[18],"1":[18],"2":[18],"3":[7],"4":[18,1]},"_coverageSchema":"1a1c01bbd47fc00a2c39e90264f33305004495a9","hash":"9d50471e412116bd3d0f030efbc59a73aa2d42af"}
,"/Users/wolfag/Projects/reactnative/mycoin/features/currency/components/CurrencyList/EmptyState.tsx": {"path":"/Users/wolfag/Projects/reactnative/mycoin/features/currency/components/CurrencyList/EmptyState.tsx","statementMap":{"0":{"start":{"line":6,"column":19},"end":{"line":14,"column":1}},"1":{"start":{"line":7,"column":2},"end":{"line":13,"column":4}},"2":{"start":{"line":18,"column":15},"end":{"line":29,"column":2}}},"fnMap":{"0":{"name":"(anonymous_0)","decl":{"start":{"line":6,"column":19},"end":{"line":6,"column":20}},"loc":{"start":{"line":6,"column":25},"end":{"line":14,"column":1}},"line":6}},"branchMap":{},"s":{"0":3,"1":2,"2":3},"f":{"0":2},"b":{},"_coverageSchema":"1a1c01bbd47fc00a2c39e90264f33305004495a9","hash":"5a13300c12e5f31f4a59690610c2b0cf1bdc0cb1"}
,"/Users/wolfag/Projects/reactnative/mycoin/features/currency/components/CurrencyList/ItemAvatar.tsx": {"path":"/Users/wolfag/Projects/reactnative/mycoin/features/currency/components/CurrencyList/ItemAvatar.tsx","statementMap":{"0":{"start":{"line":8,"column":19},"end":{"line":11,"column":1}},"1":{"start":{"line":9,"column":22},"end":{"line":9,"column":38}},"2":{"start":{"line":10,"column":2},"end":{"line":10,"column":55}}},"fnMap":{"0":{"name":"(anonymous_0)","decl":{"start":{"line":8,"column":19},"end":{"line":8,"column":20}},"loc":{"start":{"line":8,"column":48},"end":{"line":11,"column":1}},"line":8}},"branchMap":{"0":{"loc":{"start":{"line":9,"column":22},"end":{"line":9,"column":38}},"type":"binary-expr","locations":[{"start":{"line":9,"column":22},"end":{"line":9,"column":31}},{"start":{"line":9,"column":35},"end":{"line":9,"column":38}}],"line":9}},"s":{"0":4,"1":15,"2":15},"f":{"0":15},"b":{"0":[15,1]},"_coverageSchema":"1a1c01bbd47fc00a2c39e90264f33305004495a9","hash":"d35cebdefcf4ab2c18393264182bbb27bb0adcaf"}
,"/Users/wolfag/Projects/reactnative/mycoin/features/currency/components/CurrencyList/ItemRow.tsx": {"path":"/Users/wolfag/Projects/reactnative/mycoin/features/currency/components/CurrencyList/ItemRow.tsx","statementMap":{"0":{"start":{"line":13,"column":16},"end":{"line":35,"column":1}},"1":{"start":{"line":14,"column":22},"end":{"line":16,"column":21}},"2":{"start":{"line":15,"column":4},"end":{"line":15,"column":20}},"3":{"start":{"line":18,"column":2},"end":{"line":34,"column":4}},"4":{"start":{"line":39,"column":15},"end":{"line":44,"column":2}}},"fnMap":{"0":{"name":"(anonymous_0)","decl":{"start":{"line":13,"column":16},"end":{"line":13,"column":17}},"loc":{"start":{"line":13,"column":46},"end":{"line":35,"column":1}},"line":13},"1":{"name":"(anonymous_1)","decl":{"start":{"line":14,"column":34},"end":{"line":14,"column":35}},"loc":{"start":{"line":14,"column":40},"end":{"line":16,"column":3}},"line":14}},"branchMap":{},"s":{"0":3,"1":12,"2":1,"3":12,"4":3},"f":{"0":12,"1":1},"b":{},"_coverageSchema":"1a1c01bbd47fc00a2c39e90264f33305004495a9","hash":"b7a9d8d3ed26416917f7aa4561ca56d392b733e2"}
,"/Users/wolfag/Projects/reactnative/mycoin/features/currency/components/CurrencyList/ItemSuffix.tsx": {"path":"/Users/wolfag/Projects/reactnative/mycoin/features/currency/components/CurrencyList/ItemSuffix.tsx","statementMap":{"0":{"start":{"line":11,"column":19},"end":{"line":21,"column":1}},"1":{"start":{"line":12,"column":21},"end":{"line":12,"column":26}},"2":{"start":{"line":13,"column":2},"end":{"line":13,"column":31}},"3":{"start":{"line":13,"column":19},"end":{"line":13,"column":31}},"4":{"start":{"line":15,"column":2},"end":{"line":20,"column":4}},"5":{"start":{"line":25,"column":15},"end":{"line":30,"column":2}}},"fnMap":{"0":{"name":"(anonymous_0)","decl":{"start":{"line":11,"column":19},"end":{"line":11,"column":20}},"loc":{"start":{"line":11,"column":71},"end":{"line":21,"column":1}},"line":11}},"branchMap":{"0":{"loc":{"start":{"line":11,"column":36},"end":{"line":11,"column":57}},"type":"default-arg","locations":[{"start":{"line":11,"column":45},"end":{"line":11,"column":57}}],"line":11},"1":{"loc":{"start":{"line":13,"column":2},"end":{"line":13,"column":31}},"type":"if","locations":[{"start":{"line":13,"column":2},"end":{"line":13,"column":31}},{"start":{},"end":{}}],"line":13},"2":{"loc":{"start":{"line":17,"column":13},"end":{"line":17,"column":25}},"type":"binary-expr","locations":[{"start":{"line":17,"column":13},"end":{"line":17,"column":19}},{"start":{"line":17,"column":23},"end":{"line":17,"column":25}}],"line":17}},"s":{"0":4,"1":15,"2":15,"3":8,"4":7,"5":4},"f":{"0":15},"b":{"0":[3],"1":[8,7],"2":[7,1]},"_coverageSchema":"1a1c01bbd47fc00a2c39e90264f33305004495a9","hash":"d122182b948af36e17d2491f90b904bcea451079"}
,"/Users/wolfag/Projects/reactnative/mycoin/features/currency/components/CurrencyList/index.tsx": {"path":"/Users/wolfag/Projects/reactnative/mycoin/features/currency/components/CurrencyList/index.tsx","statementMap":{"0":{"start":{"line":13,"column":21},"end":{"line":29,"column":1}},"1":{"start":{"line":14,"column":61},"end":{"line":17,"column":3}},"2":{"start":{"line":15,"column":18},"end":{"line":15,"column":41}},"3":{"start":{"line":19,"column":2},"end":{"line":28,"column":4}},"4":{"start":{"line":23,"column":36},"end":{"line":23,"column":65}},"5":{"start":{"line":24,"column":32},"end":{"line":24,"column":46}}},"fnMap":{"0":{"name":"(anonymous_0)","decl":{"start":{"line":13,"column":21},"end":{"line":13,"column":22}},"loc":{"start":{"line":13,"column":57},"end":{"line":29,"column":1}},"line":13},"1":{"name":"(anonymous_1)","decl":{"start":{"line":15,"column":4},"end":{"line":15,"column":5}},"loc":{"start":{"line":15,"column":18},"end":{"line":15,"column":41}},"line":15},"2":{"name":"(anonymous_2)","decl":{"start":{"line":23,"column":30},"end":{"line":23,"column":31}},"loc":{"start":{"line":23,"column":36},"end":{"line":23,"column":65}},"line":23},"3":{"name":"(anonymous_3)","decl":{"start":{"line":24,"column":26},"end":{"line":24,"column":27}},"loc":{"start":{"line":24,"column":32},"end":{"line":24,"column":46}},"line":24}},"branchMap":{"0":{"loc":{"start":{"line":22,"column":18},"end":{"line":22,"column":48}},"type":"binary-expr","locations":[{"start":{"line":22,"column":18},"end":{"line":22,"column":28}},{"start":{"line":22,"column":32},"end":{"line":22,"column":48}}],"line":22}},"s":{"0":2,"1":7,"2":8,"3":7,"4":4,"5":1},"f":{"0":7,"1":8,"2":4,"3":1},"b":{"0":[7,6]},"_coverageSchema":"1a1c01bbd47fc00a2c39e90264f33305004495a9","hash":"73cfbb9f9245422ad9a0a624e8fea87da8026358"}
,"/Users/wolfag/Projects/reactnative/mycoin/features/currency/constants/CurrencyMode.ts": {"path":"/Users/wolfag/Projects/reactnative/mycoin/features/currency/constants/CurrencyMode.ts","statementMap":{"0":{"start":{"line":1,"column":28},"end":{"line":4,"column":1}}},"fnMap":{},"branchMap":{},"s":{"0":3},"f":{},"b":{},"_coverageSchema":"1a1c01bbd47fc00a2c39e90264f33305004495a9","hash":"c1322602038b341c3197f32a5817c0fa3c0bfcc5"}
,"/Users/wolfag/Projects/reactnative/mycoin/features/currency/hooks/useCurrencies.ts": {"path":"/Users/wolfag/Projects/reactnative/mycoin/features/currency/hooks/useCurrencies.ts","statementMap":{"0":{"start":{"line":5,"column":29},"end":{"line":19,"column":1}},"1":{"start":{"line":12,"column":19},"end":{"line":12,"column":62}},"2":{"start":{"line":12,"column":47},"end":{"line":12,"column":61}},"3":{"start":{"line":14,"column":23},"end":{"line":16,"column":29}},"4":{"start":{"line":15,"column":4},"end":{"line":15,"column":63}},"5":{"start":{"line":18,"column":2},"end":{"line":18,"column":22}}},"fnMap":{"0":{"name":"(anonymous_0)","decl":{"start":{"line":5,"column":29},"end":{"line":5,"column":30}},"loc":{"start":{"line":11,"column":6},"end":{"line":19,"column":1}},"line":11},"1":{"name":"(anonymous_1)","decl":{"start":{"line":12,"column":36},"end":{"line":12,"column":37}},"loc":{"start":{"line":12,"column":47},"end":{"line":12,"column":61}},"line":12},"2":{"name":"(anonymous_2)","decl":{"start":{"line":14,"column":31},"end":{"line":14,"column":32}},"loc":{"start":{"line":14,"column":37},"end":{"line":16,"column":3}},"line":14}},"branchMap":{"0":{"loc":{"start":{"line":7,"column":2},"end":{"line":7,"column":12}},"type":"default-arg","locations":[{"start":{"line":7,"column":10},"end":{"line":7,"column":12}}],"line":7}},"s":{"0":1,"1":3,"2":3,"3":3,"4":3,"5":3},"f":{"0":3,"1":3,"2":3},"b":{"0":[0]},"_coverageSchema":"1a1c01bbd47fc00a2c39e90264f33305004495a9","hash":"99b8fdd8e3c17824cd1b4e180cb4270b197e97f7"}
,"/Users/wolfag/Projects/reactnative/mycoin/features/currency/screens/CurrencyListScreen.tsx": {"path":"/Users/wolfag/Projects/reactnative/mycoin/features/currency/screens/CurrencyListScreen.tsx","statementMap":{"0":{"start":{"line":12,"column":27},"end":{"line":42,"column":1}},"1":{"start":{"line":13,"column":17},"end":{"line":13,"column":28}},"2":{"start":{"line":14,"column":17},"end":{"line":14,"column":36}},"3":{"start":{"line":16,"column":19},"end":{"line":16,"column":70}},"4":{"start":{"line":18,"column":28},"end":{"line":18,"column":40}},"5":{"start":{"line":20,"column":16},"end":{"line":20,"column":45}},"6":{"start":{"line":22,"column":23},"end":{"line":22,"column":53}},"7":{"start":{"line":24,"column":2},"end":{"line":41,"column":4}},"8":{"start":{"line":29,"column":12},"end":{"line":35,"column":14}},"9":{"start":{"line":46,"column":15},"end":{"line":53,"column":2}}},"fnMap":{"0":{"name":"(anonymous_0)","decl":{"start":{"line":12,"column":27},"end":{"line":12,"column":28}},"loc":{"start":{"line":12,"column":33},"end":{"line":42,"column":1}},"line":12},"1":{"name":"(anonymous_1)","decl":{"start":{"line":28,"column":18},"end":{"line":28,"column":19}},"loc":{"start":{"line":29,"column":12},"end":{"line":35,"column":14}},"line":29}},"branchMap":{"0":{"loc":{"start":{"line":20,"column":17},"end":{"line":20,"column":30}},"type":"binary-expr","locations":[{"start":{"line":20,"column":17},"end":{"line":20,"column":21}},{"start":{"line":20,"column":25},"end":{"line":20,"column":30}}],"line":20}},"s":{"0":1,"1":3,"2":3,"3":3,"4":3,"5":3,"6":3,"7":3,"8":0,"9":1},"f":{"0":3,"1":0},"b":{"0":[3,1]},"_coverageSchema":"1a1c01bbd47fc00a2c39e90264f33305004495a9","hash":"37289f05b0e3a160c541ae1e86fd226e4596d4f3"}
,"/Users/wolfag/Projects/reactnative/mycoin/features/currency/selectors/currencySelectors.ts": {"path":"/Users/wolfag/Projects/reactnative/mycoin/features/currency/selectors/currencySelectors.ts","statementMap":{"0":{"start":{"line":5,"column":32},"end":{"line":16,"column":1}},"1":{"start":{"line":12,"column":2},"end":{"line":14,"column":3}},"2":{"start":{"line":13,"column":4},"end":{"line":13,"column":32}},"3":{"start":{"line":15,"column":2},"end":{"line":15,"column":40}},"4":{"start":{"line":18,"column":40},"end":{"line":32,"column":1}},"5":{"start":{"line":27,"column":15},"end":{"line":27,"column":51}},"6":{"start":{"line":28,"column":2},"end":{"line":30,"column":3}},"7":{"start":{"line":29,"column":4},"end":{"line":29,"column":16}},"8":{"start":{"line":31,"column":2},"end":{"line":31,"column":63}},"9":{"start":{"line":31,"column":31},"end":{"line":31,"column":61}}},"fnMap":{"0":{"name":"(anonymous_0)","decl":{"start":{"line":5,"column":32},"end":{"line":5,"column":33}},"loc":{"start":{"line":11,"column":6},"end":{"line":16,"column":1}},"line":11},"1":{"name":"(anonymous_1)","decl":{"start":{"line":18,"column":40},"end":{"line":18,"column":41}},"loc":{"start":{"line":26,"column":6},"end":{"line":32,"column":1}},"line":26},"2":{"name":"(anonymous_2)","decl":{"start":{"line":31,"column":21},"end":{"line":31,"column":22}},"loc":{"start":{"line":31,"column":31},"end":{"line":31,"column":61}},"line":31}},"branchMap":{"0":{"loc":{"start":{"line":12,"column":2},"end":{"line":14,"column":3}},"type":"if","locations":[{"start":{"line":12,"column":2},"end":{"line":14,"column":3}},{"start":{},"end":{}}],"line":12},"1":{"loc":{"start":{"line":13,"column":11},"end":{"line":13,"column":31}},"type":"binary-expr","locations":[{"start":{"line":13,"column":11},"end":{"line":13,"column":25}},{"start":{"line":13,"column":29},"end":{"line":13,"column":31}}],"line":13},"2":{"loc":{"start":{"line":28,"column":2},"end":{"line":30,"column":3}},"type":"if","locations":[{"start":{"line":28,"column":2},"end":{"line":30,"column":3}},{"start":{},"end":{}}],"line":28}},"s":{"0":2,"1":12,"2":6,"3":6,"4":2,"5":7,"6":7,"7":5,"8":2,"9":4},"f":{"0":12,"1":7,"2":4},"b":{"0":[6,6],"1":[6,1],"2":[5,2]},"_coverageSchema":"1a1c01bbd47fc00a2c39e90264f33305004495a9","hash":"3e3eb2f3f1041065de279ac5d11733231aea65d3"}
,"/Users/wolfag/Projects/reactnative/mycoin/features/currency/stores/useCurrencyStore.ts": {"path":"/Users/wolfag/Projects/reactnative/mycoin/features/currency/stores/useCurrencyStore.ts","statementMap":{"0":{"start":{"line":13,"column":32},"end":{"line":28,"column":3}},"1":{"start":{"line":13,"column":64},"end":{"line":28,"column":1}},"2":{"start":{"line":19,"column":4},"end":{"line":21,"column":8}},"3":{"start":{"line":19,"column":20},"end":{"line":21,"column":5}},"4":{"start":{"line":24,"column":4},"end":{"line":26,"column":8}},"5":{"start":{"line":24,"column":20},"end":{"line":26,"column":5}}},"fnMap":{"0":{"name":"(anonymous_0)","decl":{"start":{"line":13,"column":54},"end":{"line":13,"column":55}},"loc":{"start":{"line":13,"column":64},"end":{"line":28,"column":1}},"line":13},"1":{"name":"(anonymous_1)","decl":{"start":{"line":18,"column":17},"end":{"line":18,"column":18}},"loc":{"start":{"line":18,"column":32},"end":{"line":22,"column":3}},"line":18},"2":{"name":"(anonymous_2)","decl":{"start":{"line":19,"column":8},"end":{"line":19,"column":9}},"loc":{"start":{"line":19,"column":20},"end":{"line":21,"column":5}},"line":19},"3":{"name":"(anonymous_3)","decl":{"start":{"line":23,"column":16},"end":{"line":23,"column":17}},"loc":{"start":{"line":23,"column":25},"end":{"line":27,"column":3}},"line":23},"4":{"name":"(anonymous_4)","decl":{"start":{"line":24,"column":8},"end":{"line":24,"column":9}},"loc":{"start":{"line":24,"column":20},"end":{"line":26,"column":5}},"line":24}},"branchMap":{},"s":{"0":1,"1":1,"2":3,"3":3,"4":1,"5":1},"f":{"0":1,"1":3,"2":3,"3":1,"4":1},"b":{},"_coverageSchema":"1a1c01bbd47fc00a2c39e90264f33305004495a9","hash":"1bd5718a93e339a01718729c35300b25b2d6573d"}
,"/Users/wolfag/Projects/reactnative/mycoin/features/currency/utils/matchCurrency.ts": {"path":"/Users/wolfag/Projects/reactnative/mycoin/features/currency/utils/matchCurrency.ts","statementMap":{"0":{"start":{"line":3,"column":29},"end":{"line":24,"column":1}},"1":{"start":{"line":9,"column":20},"end":{"line":9,"column":27}},"2":{"start":{"line":10,"column":25},"end":{"line":10,"column":50}},"3":{"start":{"line":12,"column":2},"end":{"line":14,"column":3}},"4":{"start":{"line":13,"column":4},"end":{"line":13,"column":16}},"5":{"start":{"line":16,"column":2},"end":{"line":18,"column":3}},"6":{"start":{"line":17,"column":4},"end":{"line":17,"column":16}},"7":{"start":{"line":20,"column":2},"end":{"line":22,"column":3}},"8":{"start":{"line":21,"column":4},"end":{"line":21,"column":16}},"9":{"start":{"line":23,"column":2},"end":{"line":23,"column":15}}},"fnMap":{"0":{"name":"(anonymous_0)","decl":{"start":{"line":3,"column":29},"end":{"line":3,"column":30}},"loc":{"start":{"line":8,"column":14},"end":{"line":24,"column":1}},"line":8}},"branchMap":{"0":{"loc":{"start":{"line":12,"column":2},"end":{"line":14,"column":3}},"type":"if","locations":[{"start":{"line":12,"column":2},"end":{"line":14,"column":3}},{"start":{},"end":{}}],"line":12},"1":{"loc":{"start":{"line":16,"column":2},"end":{"line":18,"column":3}},"type":"if","locations":[{"start":{"line":16,"column":2},"end":{"line":18,"column":3}},{"start":{},"end":{}}],"line":16},"2":{"loc":{"start":{"line":20,"column":2},"end":{"line":22,"column":3}},"type":"if","locations":[{"start":{"line":20,"column":2},"end":{"line":22,"column":3}},{"start":{},"end":{}}],"line":20}},"s":{"0":3,"1":10,"2":10,"3":10,"4":3,"5":7,"6":1,"7":6,"8":3,"9":3},"f":{"0":10},"b":{"0":[3,7],"1":[1,6],"2":[3,3]},"_coverageSchema":"1a1c01bbd47fc00a2c39e90264f33305004495a9","hash":"b0ddf08a848827a197e9e10a77a85d8e5777d5b9"}
,"/Users/wolfag/Projects/reactnative/mycoin/shared/components/Spacer.tsx": {"path":"/Users/wolfag/Projects/reactnative/mycoin/shared/components/Spacer.tsx","statementMap":{"0":{"start":{"line":10,"column":15},"end":{"line":21,"column":1}},"1":{"start":{"line":11,"column":2},"end":{"line":20,"column":4}}},"fnMap":{"0":{"name":"(anonymous_0)","decl":{"start":{"line":10,"column":15},"end":{"line":10,"column":16}},"loc":{"start":{"line":10,"column":57},"end":{"line":21,"column":1}},"line":10}},"branchMap":{"0":{"loc":{"start":{"line":10,"column":18},"end":{"line":10,"column":27}},"type":"default-arg","locations":[{"start":{"line":10,"column":25},"end":{"line":10,"column":27}}],"line":10},"1":{"loc":{"start":{"line":14,"column":14},"end":{"line":14,"column":26}},"type":"cond-expr","locations":[{"start":{"line":14,"column":21},"end":{"line":14,"column":22}},{"start":{"line":14,"column":25},"end":{"line":14,"column":26}}],"line":14},"2":{"loc":{"start":{"line":15,"column":16},"end":{"line":15,"column":35}},"type":"cond-expr","locations":[{"start":{"line":15,"column":27},"end":{"line":15,"column":31}},{"start":{"line":15,"column":34},"end":{"line":15,"column":35}}],"line":15},"3":{"loc":{"start":{"line":16,"column":15},"end":{"line":16,"column":34}},"type":"cond-expr","locations":[{"start":{"line":16,"column":26},"end":{"line":16,"column":27}},{"start":{"line":16,"column":30},"end":{"line":16,"column":34}}],"line":16}},"s":{"0":5,"1":45},"f":{"0":45},"b":{"0":[28],"1":[27,18],"2":[5,40],"3":[5,40]},"_coverageSchema":"1a1c01bbd47fc00a2c39e90264f33305004495a9","hash":"aae1e9b8aad55dc6d0138448459d108d515906b6"}
,"/Users/wolfag/Projects/reactnative/mycoin/shared/hooks/useDebounce.ts": {"path":"/Users/wolfag/Projects/reactnative/mycoin/shared/hooks/useDebounce.ts","statementMap":{"0":{"start":{"line":4,"column":18},"end":{"line":4,"column":45}},"1":{"start":{"line":6,"column":27},"end":{"line":14,"column":3}},"2":{"start":{"line":8,"column":6},"end":{"line":8,"column":57}},"3":{"start":{"line":8,"column":27},"end":{"line":8,"column":57}},"4":{"start":{"line":9,"column":6},"end":{"line":11,"column":16}},"5":{"start":{"line":10,"column":8},"end":{"line":10,"column":26}},"6":{"start":{"line":16,"column":2},"end":{"line":22,"column":9}},"7":{"start":{"line":17,"column":4},"end":{"line":21,"column":6}},"8":{"start":{"line":18,"column":6},"end":{"line":20,"column":7}},"9":{"start":{"line":19,"column":8},"end":{"line":19,"column":38}},"10":{"start":{"line":24,"column":2},"end":{"line":24,"column":26}}},"fnMap":{"0":{"name":"useDebounce","decl":{"start":{"line":3,"column":9},"end":{"line":3,"column":20}},"loc":{"start":{"line":3,"column":70},"end":{"line":25,"column":1}},"line":3},"1":{"name":"(anonymous_1)","decl":{"start":{"line":7,"column":4},"end":{"line":7,"column":5}},"loc":{"start":{"line":7,"column":24},"end":{"line":12,"column":5}},"line":7},"2":{"name":"(anonymous_2)","decl":{"start":{"line":9,"column":35},"end":{"line":9,"column":36}},"loc":{"start":{"line":9,"column":41},"end":{"line":11,"column":7}},"line":9},"3":{"name":"(anonymous_3)","decl":{"start":{"line":16,"column":12},"end":{"line":16,"column":13}},"loc":{"start":{"line":16,"column":18},"end":{"line":22,"column":3}},"line":16},"4":{"name":"(anonymous_4)","decl":{"start":{"line":17,"column":11},"end":{"line":17,"column":12}},"loc":{"start":{"line":17,"column":17},"end":{"line":21,"column":5}},"line":17}},"branchMap":{"0":{"loc":{"start":{"line":3,"column":57},"end":{"line":3,"column":68}},"type":"default-arg","locations":[{"start":{"line":3,"column":65},"end":{"line":3,"column":68}}],"line":3},"1":{"loc":{"start":{"line":8,"column":6},"end":{"line":8,"column":57}},"type":"if","locations":[{"start":{"line":8,"column":6},"end":{"line":8,"column":57}},{"start":{},"end":{}}],"line":8},"2":{"loc":{"start":{"line":18,"column":6},"end":{"line":20,"column":7}},"type":"if","locations":[{"start":{"line":18,"column":6},"end":{"line":20,"column":7}},{"start":{},"end":{}}],"line":18}},"s":{"0":2,"1":2,"2":3,"3":1,"4":3,"5":2,"6":2,"7":2,"8":2,"9":2,"10":2},"f":{"0":2,"1":3,"2":2,"3":2,"4":2},"b":{"0":[0],"1":[1,2],"2":[2,0]},"_coverageSchema":"1a1c01bbd47fc00a2c39e90264f33305004495a9","hash":"9c9ad9b8f8d07baa2971f71d8ec51f5d5c716eef"}
,"/Users/wolfag/Projects/reactnative/mycoin/shared/utils/getId.ts": {"path":"/Users/wolfag/Projects/reactnative/mycoin/shared/utils/getId.ts","statementMap":{"0":{"start":{"line":1,"column":21},"end":{"line":2,"column":11}},"1":{"start":{"line":2,"column":2},"end":{"line":2,"column":11}}},"fnMap":{"0":{"name":"(anonymous_0)","decl":{"start":{"line":1,"column":21},"end":{"line":1,"column":22}},"loc":{"start":{"line":2,"column":2},"end":{"line":2,"column":11}},"line":2}},"branchMap":{},"s":{"0":2,"1":16},"f":{"0":16},"b":{},"_coverageSchema":"1a1c01bbd47fc00a2c39e90264f33305004495a9","hash":"79ab4bee99dab082847b8c5d4b3006af061bf4ee"}
,"/Users/wolfag/Projects/reactnative/mycoin/shared/utils/getTestId.ts": {"path":"/Users/wolfag/Projects/reactnative/mycoin/shared/utils/getTestId.ts","statementMap":{"0":{"start":{"line":3,"column":25},"end":{"line":12,"column":1}},"1":{"start":{"line":4,"column":2},"end":{"line":11,"column":5}}},"fnMap":{"0":{"name":"(anonymous_0)","decl":{"start":{"line":3,"column":25},"end":{"line":3,"column":26}},"loc":{"start":{"line":3,"column":41},"end":{"line":12,"column":1}},"line":3}},"branchMap":{},"s":{"0":9,"1":170},"f":{"0":170},"b":{},"_coverageSchema":"1a1c01bbd47fc00a2c39e90264f33305004495a9","hash":"27ea8da0f8ee2acf86e03e387a0a9e1206640279"}
}
