TN:
SF:features/currency/components/SearchBar.tsx
FN:15,(anonymous_0)
FN:22,(anonymous_1)
FN:26,(anonymous_2)
FN:30,(anonymous_3)
FN:35,(anonymous_4)
FN:42,(anonymous_5)
FNF:6
FNH:6
FNDA:10,(anonymous_0)
FNDA:1,(anonymous_1)
FNDA:1,(anonymous_2)
FNDA:1,(anonymous_3)
FNDA:1,(anonymous_4)
FNDA:1,(anonymous_5)
DA:15,2
DA:16,10
DA:17,10
DA:18,10
DA:20,10
DA:22,10
DA:23,1
DA:26,10
DA:27,1
DA:30,10
DA:31,1
DA:34,10
DA:36,1
DA:37,1
DA:42,10
DA:43,1
DA:44,1
DA:47,10
DA:49,10
DA:125,2
LF:20
LH:20
BRDA:47,0,0,10
BRDA:47,0,1,9
BRDA:55,1,0,10
BRDA:55,1,1,3
BRDA:78,2,0,3
BRDA:78,2,1,7
BRDA:85,3,0,3
BRDA:85,3,1,7
BRDA:102,4,0,2
BRDA:102,4,1,8
BRF:10
BRH:10
end_of_record
TN:
SF:features/currency/components/CurrencyList/Avatar.tsx
FN:12,(anonymous_0)
FNF:1
FNH:1
FNDA:19,(anonymous_0)
DA:12,5
DA:19,19
DA:20,19
DA:22,19
LF:4
LH:4
BRDA:14,0,0,18
BRDA:15,1,0,18
BRDA:16,2,0,18
BRDA:17,3,0,7
BRDA:19,4,0,18
BRDA:19,4,1,1
BRF:6
BRH:6
end_of_record
TN:
SF:features/currency/components/CurrencyList/EmptyState.tsx
FN:6,(anonymous_0)
FNF:1
FNH:1
FNDA:2,(anonymous_0)
DA:6,3
DA:7,2
DA:18,3
LF:3
LH:3
BRF:0
BRH:0
end_of_record
TN:
SF:features/currency/components/CurrencyList/ItemAvatar.tsx
FN:8,(anonymous_0)
FNF:1
FNH:1
FNDA:15,(anonymous_0)
DA:8,4
DA:9,15
DA:10,15
LF:3
LH:3
BRDA:9,0,0,15
BRDA:9,0,1,1
BRF:2
BRH:2
end_of_record
TN:
SF:features/currency/components/CurrencyList/ItemRow.tsx
FN:13,(anonymous_0)
FN:14,(anonymous_1)
FNF:2
FNH:2
FNDA:12,(anonymous_0)
FNDA:1,(anonymous_1)
DA:13,3
DA:14,12
DA:15,1
DA:18,12
DA:39,3
LF:5
LH:5
BRF:0
BRH:0
end_of_record
TN:
SF:features/currency/components/CurrencyList/ItemSuffix.tsx
FN:11,(anonymous_0)
FNF:1
FNH:1
FNDA:15,(anonymous_0)
DA:11,4
DA:12,15
DA:13,15
DA:15,7
DA:25,4
LF:5
LH:5
BRDA:11,0,0,3
BRDA:13,1,0,8
BRDA:13,1,1,7
BRDA:17,2,0,7
BRDA:17,2,1,1
BRF:5
BRH:5
end_of_record
TN:
SF:features/currency/components/CurrencyList/index.tsx
FN:13,(anonymous_0)
FN:15,(anonymous_1)
FN:23,(anonymous_2)
FN:24,(anonymous_3)
FNF:4
FNH:4
FNDA:7,(anonymous_0)
FNDA:8,(anonymous_1)
FNDA:4,(anonymous_2)
FNDA:1,(anonymous_3)
DA:13,2
DA:14,7
DA:15,8
DA:19,7
DA:23,4
DA:24,1
LF:6
LH:6
BRDA:22,0,0,7
BRDA:22,0,1,6
BRF:2
BRH:2
end_of_record
TN:
SF:features/currency/constants/CurrencyMode.ts
FNF:0
FNH:0
DA:1,3
LF:1
LH:1
BRF:0
BRH:0
end_of_record
TN:
SF:features/currency/hooks/useCurrencies.ts
FN:5,(anonymous_0)
FN:12,(anonymous_1)
FN:14,(anonymous_2)
FNF:3
FNH:3
FNDA:3,(anonymous_0)
FNDA:3,(anonymous_1)
FNDA:3,(anonymous_2)
DA:5,1
DA:12,3
DA:14,3
DA:15,3
DA:18,3
LF:5
LH:5
BRDA:7,0,0,0
BRF:1
BRH:0
end_of_record
TN:
SF:features/currency/screens/CurrencyListScreen.tsx
FN:12,(anonymous_0)
FN:28,(anonymous_1)
FNF:2
FNH:1
FNDA:3,(anonymous_0)
FNDA:0,(anonymous_1)
DA:12,1
DA:13,3
DA:14,3
DA:16,3
DA:18,3
DA:20,3
DA:22,3
DA:24,3
DA:29,0
DA:46,1
LF:10
LH:9
BRDA:20,0,0,3
BRDA:20,0,1,1
BRF:2
BRH:2
end_of_record
TN:
SF:features/currency/selectors/currencySelectors.ts
FN:5,(anonymous_0)
FN:18,(anonymous_1)
FN:31,(anonymous_2)
FNF:3
FNH:3
FNDA:12,(anonymous_0)
FNDA:7,(anonymous_1)
FNDA:4,(anonymous_2)
DA:5,2
DA:12,12
DA:13,6
DA:15,6
DA:18,2
DA:27,7
DA:28,7
DA:29,5
DA:31,4
LF:9
LH:9
BRDA:12,0,0,6
BRDA:12,0,1,6
BRDA:13,1,0,6
BRDA:13,1,1,1
BRDA:28,2,0,5
BRDA:28,2,1,2
BRF:6
BRH:6
end_of_record
TN:
SF:features/currency/stores/useCurrencyStore.ts
FN:13,(anonymous_0)
FN:18,(anonymous_1)
FN:19,(anonymous_2)
FN:23,(anonymous_3)
FN:24,(anonymous_4)
FNF:5
FNH:5
FNDA:1,(anonymous_0)
FNDA:3,(anonymous_1)
FNDA:3,(anonymous_2)
FNDA:1,(anonymous_3)
FNDA:1,(anonymous_4)
DA:13,1
DA:19,3
DA:24,1
LF:3
LH:3
BRF:0
BRH:0
end_of_record
TN:
SF:features/currency/utils/matchCurrency.ts
FN:3,(anonymous_0)
FNF:1
FNH:1
FNDA:10,(anonymous_0)
DA:3,3
DA:9,10
DA:10,10
DA:12,10
DA:13,3
DA:16,7
DA:17,1
DA:20,6
DA:21,3
DA:23,3
LF:10
LH:10
BRDA:12,0,0,3
BRDA:12,0,1,7
BRDA:16,1,0,1
BRDA:16,1,1,6
BRDA:20,2,0,3
BRDA:20,2,1,3
BRF:6
BRH:6
end_of_record
TN:
SF:shared/components/Spacer.tsx
FN:10,(anonymous_0)
FNF:1
FNH:1
FNDA:45,(anonymous_0)
DA:10,5
DA:11,45
LF:2
LH:2
BRDA:10,0,0,28
BRDA:14,1,0,27
BRDA:14,1,1,18
BRDA:15,2,0,5
BRDA:15,2,1,40
BRDA:16,3,0,5
BRDA:16,3,1,40
BRF:7
BRH:7
end_of_record
TN:
SF:shared/hooks/useDebounce.ts
FN:3,useDebounce
FN:7,(anonymous_1)
FN:9,(anonymous_2)
FN:16,(anonymous_3)
FN:17,(anonymous_4)
FNF:5
FNH:5
FNDA:2,useDebounce
FNDA:3,(anonymous_1)
FNDA:2,(anonymous_2)
FNDA:2,(anonymous_3)
FNDA:2,(anonymous_4)
DA:4,2
DA:6,2
DA:8,3
DA:9,3
DA:10,2
DA:16,2
DA:17,2
DA:18,2
DA:19,2
DA:24,2
LF:10
LH:10
BRDA:3,0,0,0
BRDA:8,1,0,1
BRDA:8,1,1,2
BRDA:18,2,0,2
BRDA:18,2,1,0
BRF:5
BRH:3
end_of_record
TN:
SF:shared/utils/getId.ts
FN:1,(anonymous_0)
FNF:1
FNH:1
FNDA:16,(anonymous_0)
DA:1,2
DA:2,16
LF:2
LH:2
BRF:0
BRH:0
end_of_record
TN:
SF:shared/utils/getTestId.ts
FN:3,(anonymous_0)
FNF:1
FNH:1
FNDA:170,(anonymous_0)
DA:3,9
DA:4,170
LF:2
LH:2
BRF:0
BRH:0
end_of_record
